#
# There is insufficient memory for the Java Runtime Environment to continue.
# Native memory allocation (mmap) failed to map 262144000 bytes for G1 virtual space
# Possible reasons:
#   The system is out of physical RAM or swap space
#   The process is running with CompressedOops enabled, and the Java Heap may be blocking the growth of the native heap
# Possible solutions:
#   Reduce memory load on the system
#   Increase physical memory or swap space
#   Check if swap backing store is full
#   Decrease Java heap size (-Xmx/-Xms)
#   Decrease number of Java threads
#   Decrease Java thread stack sizes (-Xss)
#   Set larger code cache with -XX:ReservedCodeCacheSize=
#   JVM is running with Zero Based Compressed Oops mode in which the Java heap is
#     placed in the first 32GB address space. The Java Heap base address is the
#     maximum limit for the native heap growth. Please use -XX:HeapBaseMinAddress
#     to set the Java Heap base and to place the Java Heap above 32GB virtual address.
# This output file may be truncated or incomplete.
#
#  Out of Memory Error (os_windows.cpp:3600), pid=29252, tid=21812
#
# JRE version:  (21.0.2+13) (build )
# Java VM: OpenJDK 64-Bit Server VM (21.0.2+13-58, mixed mode, sharing, tiered, compressed oops, compressed class ptrs, g1 gc, windows-amd64)
# No core dump will be written. Minidumps are not enabled by default on client versions of Windows
#

---------------  S U M M A R Y ------------

Command Line: --enable-preview -javaagent:C:\Program Files\JetBrains\IntelliJ IDEA 2023.3.3\lib\idea_rt.jar=50433:C:\Program Files\JetBrains\IntelliJ IDEA 2023.3.3\bin -Dfile.encoding=UTF-8 -Dsun.stdout.encoding=UTF-8 -Dsun.stderr.encoding=UTF-8 Sorting

Host: 11th Gen Intel(R) Core(TM) i7-1165G7 @ 2.80GHz, 8 cores, 15G,  Windows 11 , 64 bit Build 26100 (10.0.26100.4768)
Time: Mon Aug 25 11:06:39 2025 India Standard Time elapsed time: 1.185294 seconds (0d 0h 0m 1s)

---------------  T H R E A D  ---------------

Current thread (0x000001ae1cce8340):  JavaThread "Unknown thread" [_thread_in_vm, id=21812, stack(0x0000002a89700000,0x0000002a89800000) (1024K)]

Stack: [0x0000002a89700000,0x0000002a89800000]
Native frames: (J=compiled Java code, j=interpreted, Vv=VM code, C=native code)
V  [jvm.dll+0x6cade9]
V  [jvm.dll+0x8569c1]
V  [jvm.dll+0x858d2e]
V  [jvm.dll+0x859413]
V  [jvm.dll+0x280e56]
V  [jvm.dll+0x6c74d5]
V  [jvm.dll+0x6bbeca]
V  [jvm.dll+0x355bca]
V  [jvm.dll+0x35d816]
V  [jvm.dll+0x3ae67e]
V  [jvm.dll+0x3ae928]
V  [jvm.dll+0x3295dc]
V  [jvm.dll+0x32a16b]
V  [jvm.dll+0x81efa9]
V  [jvm.dll+0x3bba01]
V  [jvm.dll+0x807928]
V  [jvm.dll+0x44f50e]
V  [jvm.dll+0x450e11]
C  [jli.dll+0x52a3]
C  [ucrtbase.dll+0x37b0]
C  [KERNEL32.DLL+0x2e8d7]
C  [ntdll.dll+0x3c34c]


---------------  P R O C E S S  ---------------

Threads class SMR info:
_java_thread_list=0x00007ffafa19bb88, length=0, elements={
}

Java Threads: ( => current thread )
Total: 0

Other Threads:
  0x000001ae1d24fe50 WorkerThread "GC Thread#0"                     [id=5808, stack(0x0000002a89800000,0x0000002a89900000) (1024K)]
  0x000001ae1d260a40 ConcurrentGCThread "G1 Main Marker"            [id=16768, stack(0x0000002a89900000,0x0000002a89a00000) (1024K)]
  0x000001ae1d262f60 WorkerThread "G1 Conc#0"                       [id=29068, stack(0x0000002a89a00000,0x0000002a89b00000) (1024K)]

[error occurred during error reporting (printing all threads), id 0xc0000005, EXCEPTION_ACCESS_VIOLATION (0xc0000005) at pc=0x00007ffaf990c6a7]
VM state: not at safepoint (not fully initialized)

VM Mutex/Monitor currently owned by a thread:  ([mutex/lock_event])
[0x00007ffafa20ce68] Heap_lock - owner thread: 0x000001ae1cce8340

Heap address: 0x0000000707000000, size: 3984 MB, Compressed Oops mode: Zero based, Oop shift amount: 3

CDS archive(s) mapped at: [0x0000000000000000-0x0000000000000000-0x0000000000000000), size 0, SharedBaseAddress: 0x0000000800000000, ArchiveRelocationMode: 1.
Narrow klass base: 0x0000000000000000, Narrow klass shift: 0, Narrow klass range: 0x0

GC Precious Log:
 CardTable entry size: 512
 Card Set container configuration: InlinePtr #cards 4 size 8 Array Of Cards #cards 16 size 48 Howl #buckets 8 coarsen threshold 3686 Howl Bitmap #cards 512 size 80 coarsen threshold 460 Card regions per heap region 1 cards per card region 4096

Heap:
 garbage-first heap   total 0K, used 0K [0x0000000707000000, 0x0000000800000000)
  region size 2048K, 0 young (0K), 0 survivors (0K)

[error occurred during error reporting (printing heap information), id 0xc0000005, EXCEPTION_ACCESS_VIOLATION (0xc0000005) at pc=0x00007ffaf9cf39f9]
GC Heap History (0 events):
No events

Dll operation events (1 events):
Event: 0.014 Loaded shared library C:\Users\KIIT\.jdks\openjdk-21.0.2\bin\java.dll

Deoptimization events (0 events):
No events

Classes loaded (0 events):
No events

Classes unloaded (0 events):
No events

Classes redefined (0 events):
No events

Internal exceptions (0 events):
No events

ZGC Phase Switch (0 events):
No events

VM Operations (0 events):
No events

Events (0 events):
No events


Dynamic libraries:
0x00007ff7f62d0000 - 0x00007ff7f62de000 	C:\Users\KIIT\.jdks\openjdk-21.0.2\bin\java.exe
0x00007ffb63a80000 - 0x00007ffb63ce7000 	C:\WINDOWS\SYSTEM32\ntdll.dll
0x00007ffb627f0000 - 0x00007ffb628b9000 	C:\WINDOWS\System32\KERNEL32.DLL
0x00007ffb60fe0000 - 0x00007ffb613d0000 	C:\WINDOWS\System32\KERNELBASE.dll
0x00007ffb616c0000 - 0x00007ffb6180b000 	C:\WINDOWS\System32\ucrtbase.dll
0x00007ffb48270000 - 0x00007ffb48288000 	C:\Users\KIIT\.jdks\openjdk-21.0.2\bin\jli.dll
0x00007ffb480a0000 - 0x00007ffb480bb000 	C:\Users\KIIT\.jdks\openjdk-21.0.2\bin\VCRUNTIME140.dll
0x00007ffb61e30000 - 0x00007ffb61ff5000 	C:\WINDOWS\System32\USER32.dll
0x00007ffb60cf0000 - 0x00007ffb60d17000 	C:\WINDOWS\System32\win32u.dll
0x00007ffb498b0000 - 0x00007ffb49b4a000 	C:\WINDOWS\WinSxS\amd64_microsoft.windows.common-controls_6595b64144ccf1df_6.0.26100.4768_none_3e0c112ce331287c\COMCTL32.dll
0x00007ffb622c0000 - 0x00007ffb622eb000 	C:\WINDOWS\System32\GDI32.dll
0x00007ffb63620000 - 0x00007ffb636c9000 	C:\WINDOWS\System32\msvcrt.dll
0x00007ffb60ea0000 - 0x00007ffb60fd8000 	C:\WINDOWS\System32\gdi32full.dll
0x00007ffb60c40000 - 0x00007ffb60ce3000 	C:\WINDOWS\System32\msvcp_win.dll
0x00007ffb628c0000 - 0x00007ffb628ef000 	C:\WINDOWS\System32\IMM32.DLL
0x00007ffb48160000 - 0x00007ffb4816c000 	C:\Users\KIIT\.jdks\openjdk-21.0.2\bin\vcruntime140_1.dll
0x00007ffb24730000 - 0x00007ffb247be000 	C:\Users\KIIT\.jdks\openjdk-21.0.2\bin\msvcp140.dll
0x00007ffaf95d0000 - 0x00007ffafa2e7000 	C:\Users\KIIT\.jdks\openjdk-21.0.2\bin\server\jvm.dll
0x00007ffb622f0000 - 0x00007ffb623a4000 	C:\WINDOWS\System32\ADVAPI32.dll
0x00007ffb61ce0000 - 0x00007ffb61d86000 	C:\WINDOWS\System32\sechost.dll
0x00007ffb63920000 - 0x00007ffb63a38000 	C:\WINDOWS\System32\RPCRT4.dll
0x00007ffb62b00000 - 0x00007ffb62b74000 	C:\WINDOWS\System32\WS2_32.dll
0x00007ffb60a10000 - 0x00007ffb60a6e000 	C:\WINDOWS\SYSTEM32\POWRPROF.dll
0x00007ffb49b50000 - 0x00007ffb49b85000 	C:\WINDOWS\SYSTEM32\WINMM.dll
0x00007ffb4e120000 - 0x00007ffb4e12b000 	C:\WINDOWS\SYSTEM32\VERSION.dll
0x00007ffb609f0000 - 0x00007ffb60a04000 	C:\WINDOWS\SYSTEM32\UMPDC.dll
0x00007ffb5f930000 - 0x00007ffb5f94b000 	C:\WINDOWS\SYSTEM32\kernel.appcore.dll
0x00007ffb48090000 - 0x00007ffb4809a000 	C:\Users\KIIT\.jdks\openjdk-21.0.2\bin\jimage.dll
0x00007ffb5b5e0000 - 0x00007ffb5b821000 	C:\WINDOWS\SYSTEM32\DBGHELP.DLL
0x00007ffb623b0000 - 0x00007ffb62735000 	C:\WINDOWS\System32\combase.dll
0x00007ffb62d80000 - 0x00007ffb62e60000 	C:\WINDOWS\System32\OLEAUT32.dll
0x00007ffb40530000 - 0x00007ffb40573000 	C:\WINDOWS\SYSTEM32\dbgcore.DLL
0x00007ffb61620000 - 0x00007ffb616b9000 	C:\WINDOWS\System32\bcryptPrimitives.dll
0x00007ffb475a0000 - 0x00007ffb475af000 	C:\Users\KIIT\.jdks\openjdk-21.0.2\bin\instrument.dll
0x00007ffb46ab0000 - 0x00007ffb46acf000 	C:\Users\KIIT\.jdks\openjdk-21.0.2\bin\java.dll

dbghelp: loaded successfully - version: 4.0.5 - missing functions: none
symbol engine: initialized successfully - sym options: 0x614 - pdb path: .;C:\Users\KIIT\.jdks\openjdk-21.0.2\bin;C:\WINDOWS\SYSTEM32;C:\WINDOWS\WinSxS\amd64_microsoft.windows.common-controls_6595b64144ccf1df_6.0.26100.4768_none_3e0c112ce331287c;C:\Users\KIIT\.jdks\openjdk-21.0.2\bin\server

VM Arguments:
jvm_args: --enable-preview -javaagent:C:\Program Files\JetBrains\IntelliJ IDEA 2023.3.3\lib\idea_rt.jar=50433:C:\Program Files\JetBrains\IntelliJ IDEA 2023.3.3\bin -Dfile.encoding=UTF-8 -Dsun.stdout.encoding=UTF-8 -Dsun.stderr.encoding=UTF-8 
java_command: Sorting
java_class_path (initial): C:\Users\KIIT\Desktop\Java\out\production\Desktop
Launcher Type: SUN_STANDARD

[Global flags]
     intx CICompilerCount                          = 4                                         {product} {ergonomic}
     uint ConcGCThreads                            = 2                                         {product} {ergonomic}
     uint G1ConcRefinementThreads                  = 8                                         {product} {ergonomic}
   size_t G1HeapRegionSize                         = 2097152                                   {product} {ergonomic}
    uintx GCDrainStackTargetSize                   = 64                                        {product} {ergonomic}
   size_t InitialHeapSize                          = 262144000                                 {product} {ergonomic}
   size_t MarkStackSize                            = 4194304                                   {product} {ergonomic}
   size_t MaxHeapSize                              = 4177526784                                {product} {ergonomic}
   size_t MinHeapDeltaBytes                        = 2097152                                   {product} {ergonomic}
   size_t MinHeapSize                              = 8388608                                   {product} {ergonomic}
    uintx NonNMethodCodeHeapSize                   = 5839372                                {pd product} {ergonomic}
    uintx NonProfiledCodeHeapSize                  = 122909434                              {pd product} {ergonomic}
    uintx ProfiledCodeHeapSize                     = 122909434                              {pd product} {ergonomic}
    uintx ReservedCodeCacheSize                    = 251658240                              {pd product} {ergonomic}
     bool SegmentedCodeCache                       = true                                      {product} {ergonomic}
   size_t SoftMaxHeapSize                          = 4177526784                             {manageable} {ergonomic}
     bool UseCompressedOops                        = true                           {product lp64_product} {ergonomic}
     bool UseG1GC                                  = true                                      {product} {ergonomic}
     bool UseLargePagesIndividualAllocation        = false                                  {pd product} {ergonomic}

Logging:
Log output configuration:
 #0: stdout all=warning uptime,level,tags foldmultilines=false
 #1: stderr all=off uptime,level,tags foldmultilines=false

Environment Variables:
JAVA_HOME=C:\Program Files\Java\jdk-21
PATH=C:\Program Files\Python311\Scripts\;C:\Program Files\Python311\;C:\App\db_home\bin;C:\oraclexe\app\oracle\product\11.2.0\server\bin;C:\Program Files\Common Files\Oracle\Java\javapath;C:\Program Files (x86)\Common Files\Oracle\Java\javapath;C:\WINDOWS\system32;C:\WINDOWS;C:\WINDOWS\System32\Wbem;C:\WINDOWS\System32\WindowsPowerShell\v1.0\;C:\WINDOWS\System32\OpenSSH\;C:\MinGW\bin;C:\MinGW\bin\ g++.exe;C:\Program Files (x86)\Windows Kits\8.1\Windows Performance Toolkit\;C:\Windows\SysWow64;C:\Program Files\MySQL\MySQL Server 8.0\bin;C:\Program Files\Git\cmd;C:\Program Files\dotnet\;C:\Program Files\nodejs\;C:\ProgramData\chocolatey\bin;C:\Program Files\Neovim\bin;c:\Users\KIIT\AppData\Local\Programs\cursor\resources\app\bin;C:\Program Files\Java\jdk-20\bin;C:\Users\KIIT\Desktop\apache-tomcat-10\apache-tomcat\bin;C:\Program Files\Docker\Docker\resources\bin;C:\Program Files\PostgreSQL\17.3\bin;C:\Program Files (x86)\Microsoft SQL Server\160\Tools\Binn\;C:\Program Files\Microsoft SQL Server\160\Tools\Binn\;C:\Program Files\Microsoft SQL Server\Client SDK\ODBC\170\Tools\Binn\;C:\Program Files\Microsoft SQL Server\160\DTS\Binn\;C:\Program Files (x86)\Microsoft SQL Server\160\DTS\Binn\;C:\Users\KIIT\Downloads\apache-maven-3.9.11-bin\apache-maven-3.9.11\bin;C:\Program Files\Java\jdk-21\bin;C:\Program Files\Python311\Scripts\;C:\Program Files\Python311\;C:\App\db_home\bin;C:\oraclexe\app\oracle\product\11.2.0\server\bin;C:\Program Files\Common Files\Oracle\Java\javapath;C:\Program Files (x86)\Common Files\Oracle\Java\javapath;C:\WINDOWS\system32;C:\WINDOWS;C:\WINDOWS\System32\Wbem;C:\WINDOWS\System32\WindowsPowerShell\v1.0\;C:\WINDOWS\System32\OpenSSH\;C:\MinGW\bin;C:\MinGW\bin\ g++.exe;C:\Program Files (x86)\Windows Kits\8.1\Windows Performance Toolkit\;C:\Windows\SysWow64;C:\Program Files\MySQL\MySQL Server 8.0\bin;C:\Program Files\Git\cmd;C:\Program Files\dotnet\;C:\Program Files\nodejs\;C:\ProgramData\chocolatey\bin;C:\Program Files\Neovim\bin;c:\Users\KIIT\AppData\Local\Programs\cursor\resources\app\bin;C:\Program Files\Java\jdk-20\bin;C:\Users\KIIT\Desktop\apache-tomcat-10\apache-tomcat\bin;C:\Program Files\Docker\Docker\resources\bin;C:\Program Files\PostgreSQL\17.3\bin;C:\Program Files (x86)\Microsoft SQL Server\160\Tools\Binn\;C:\Program Files\Microsoft SQL Server\160\Tools\Binn\;C:\Program Files\Microsoft SQL Server\Client SDK\ODBC\170\Tools\Binn\;C:\Program Files\Microsoft SQL Server\160\DTS\Binn\;C:\Program Files (x86)\Microsoft SQL Server\160\DTS\Binn\;C:\Users\KIIT\Downloads\apache-maven-3.9.11-bin\apache-maven-3.9.11\bin;;C:\Users\KIIT\AppData\Local\Programs\Microsoft VS Code\bin
USERNAME=KIIT
OS=Windows_NT
PROCESSOR_IDENTIFIER=Intel64 Family 6 Model 140 Stepping 1, GenuineIntel
TMP=C:\Users\KIIT\AppData\Local\Temp
TEMP=C:\Users\KIIT\AppData\Local\Temp




Periodic native trim disabled

---------------  S Y S T E M  ---------------

OS:
 Windows 11 , 64 bit Build 26100 (10.0.26100.4768)
OS uptime: 5 days 17:01 hours
Hyper-V role detected

CPU: total 8 (initial active 8) (4 cores per cpu, 2 threads per core) family 6 model 140 stepping 1 microcode 0x9a, cx8, cmov, fxsr, ht, mmx, 3dnowpref, sse, sse2, sse3, ssse3, sse4.1, sse4.2, popcnt, lzcnt, tsc, tscinvbit, avx, avx2, aes, erms, clmul, bmi1, bmi2, adx, avx512f, avx512dq, avx512cd, avx512bw, avx512vl, sha, fma, vzeroupper, avx512_vpopcntdq, avx512_vpclmulqdq, avx512_vaes, avx512_vnni, clflush, clflushopt, clwb, avx512_vbmi2, avx512_vbmi, hv, rdtscp, rdpid, fsrm, gfni, avx512_bitalg, f16c, cet_ibt, cet_ss, avx512_ifma
Processor Information for all 8 processors :
  Max Mhz: 2803, Current Mhz: 2803, Mhz Limit: 2803

Memory: 4k page, system-wide physical 15931M (1905M free)
TotalPageFile size 24123M (AvailPageFile size 184M)
current process WorkingSet (physical memory assigned to process): 13M, peak: 13M
current process commit charge ("private bytes"): 60M, peak: 310M

vm_info: OpenJDK 64-Bit Server VM (21.0.2+13-58) for windows-amd64 JRE (21.0.2+13-58), built on 2024-01-05T18:32:24Z by "mach5one" with MS VC++ 17.1 (VS2022)

END.
